2023-06-07 14:39:31,295 [Worker-3: Loading available Gradle versions] INFO  o.e.b.c.i.u.g.PublishedGradleVersions - Gradle version information cache is out-of-date. Trying to update.
2023-06-07 14:39:32,599 [Worker-3: Loading available Gradle versions] INFO  o.e.b.c.i.u.g.PublishedGradleVersions - Updating Gradle version information cache failed. Using outdated cache.
2023-06-07 14:40:47,067 [Worker-9: Launching mavenrun-7441a881-a8a7-4206-8e02-08bcdbca5f30] INFO  o.eclipse.m2e.core.internal.Bundles - getClasspathEntries(Bundle=org.eclipse.m2e.maven.runtime_3.8.701.20230209-1606 [566])
2023-06-07 14:40:47,088 [Worker-9: Launching mavenrun-7441a881-a8a7-4206-8e02-08bcdbca5f30] INFO  o.eclipse.m2e.core.internal.Bundles - 	Entry: C:\Users\admin\.p2\pool\plugins\org.eclipse.m2e.maven.runtime_3.8.701.20230209-1606
2023-06-07 14:40:47,101 [Worker-9: Launching mavenrun-7441a881-a8a7-4206-8e02-08bcdbca5f30] INFO  o.eclipse.m2e.core.internal.Bundles - 	Entry: C:\Users\admin\.p2\pool\plugins\org.eclipse.m2e.maven.runtime_3.8.701.20230209-1606\jars\aether-connector-okhttp-0.17.8.jar
2023-06-07 14:40:47,102 [Worker-9: Launching mavenrun-7441a881-a8a7-4206-8e02-08bcdbca5f30] INFO  o.eclipse.m2e.core.internal.Bundles - 	Entry: C:\Users\admin\.p2\pool\plugins\org.eclipse.m2e.maven.runtime_3.8.701.20230209-1606\jars\commons-lang3-3.8.1.jar
2023-06-07 14:40:47,102 [Worker-9: Launching mavenrun-7441a881-a8a7-4206-8e02-08bcdbca5f30] INFO  o.eclipse.m2e.core.internal.Bundles - 	Entry: C:\Users\admin\.p2\pool\plugins\org.eclipse.m2e.maven.runtime_3.8.701.20230209-1606\jars\guice-4.2.2-no_aop.jar
2023-06-07 14:40:47,102 [Worker-9: Launching mavenrun-7441a881-a8a7-4206-8e02-08bcdbca5f30] INFO  o.eclipse.m2e.core.internal.Bundles - 	Entry: C:\Users\admin\.p2\pool\plugins\org.eclipse.m2e.maven.runtime_3.8.701.20230209-1606\jars\jansi-2.4.0.jar
2023-06-07 14:40:47,103 [Worker-9: Launching mavenrun-7441a881-a8a7-4206-8e02-08bcdbca5f30] INFO  o.eclipse.m2e.core.internal.Bundles - 	Entry: C:\Users\admin\.p2\pool\plugins\org.eclipse.m2e.maven.runtime_3.8.701.20230209-1606\jars\maven-artifact-3.8.7.jar
2023-06-07 14:40:47,103 [Worker-9: Launching mavenrun-7441a881-a8a7-4206-8e02-08bcdbca5f30] INFO  o.eclipse.m2e.core.internal.Bundles - 	Entry: C:\Users\admin\.p2\pool\plugins\org.eclipse.m2e.maven.runtime_3.8.701.20230209-1606\jars\maven-builder-support-3.8.7.jar
2023-06-07 14:40:47,103 [Worker-9: Launching mavenrun-7441a881-a8a7-4206-8e02-08bcdbca5f30] INFO  o.eclipse.m2e.core.internal.Bundles - 	Entry: C:\Users\admin\.p2\pool\plugins\org.eclipse.m2e.maven.runtime_3.8.701.20230209-1606\jars\maven-compat-3.8.7.jar
2023-06-07 14:40:47,103 [Worker-9: Launching mavenrun-7441a881-a8a7-4206-8e02-08bcdbca5f30] INFO  o.eclipse.m2e.core.internal.Bundles - 	Entry: C:\Users\admin\.p2\pool\plugins\org.eclipse.m2e.maven.runtime_3.8.701.20230209-1606\jars\maven-core-3.8.7.jar
2023-06-07 14:40:47,103 [Worker-9: Launching mavenrun-7441a881-a8a7-4206-8e02-08bcdbca5f30] INFO  o.eclipse.m2e.core.internal.Bundles - 	Entry: C:\Users\admin\.p2\pool\plugins\org.eclipse.m2e.maven.runtime_3.8.701.20230209-1606\jars\maven-embedder-3.8.7.jar
2023-06-07 14:40:47,104 [Worker-9: Launching mavenrun-7441a881-a8a7-4206-8e02-08bcdbca5f30] INFO  o.eclipse.m2e.core.internal.Bundles - 	Entry: C:\Users\admin\.p2\pool\plugins\org.eclipse.m2e.maven.runtime_3.8.701.20230209-1606\jars\maven-model-3.8.7.jar
2023-06-07 14:40:47,104 [Worker-9: Launching mavenrun-7441a881-a8a7-4206-8e02-08bcdbca5f30] INFO  o.eclipse.m2e.core.internal.Bundles - 	Entry: C:\Users\admin\.p2\pool\plugins\org.eclipse.m2e.maven.runtime_3.8.701.20230209-1606\jars\maven-model-builder-3.8.7.jar
2023-06-07 14:40:47,104 [Worker-9: Launching mavenrun-7441a881-a8a7-4206-8e02-08bcdbca5f30] INFO  o.eclipse.m2e.core.internal.Bundles - 	Entry: C:\Users\admin\.p2\pool\plugins\org.eclipse.m2e.maven.runtime_3.8.701.20230209-1606\jars\maven-plugin-api-3.8.7.jar
2023-06-07 14:40:47,104 [Worker-9: Launching mavenrun-7441a881-a8a7-4206-8e02-08bcdbca5f30] INFO  o.eclipse.m2e.core.internal.Bundles - 	Entry: C:\Users\admin\.p2\pool\plugins\org.eclipse.m2e.maven.runtime_3.8.701.20230209-1606\jars\maven-repository-metadata-3.8.7.jar
2023-06-07 14:40:47,104 [Worker-9: Launching mavenrun-7441a881-a8a7-4206-8e02-08bcdbca5f30] INFO  o.eclipse.m2e.core.internal.Bundles - 	Entry: C:\Users\admin\.p2\pool\plugins\org.eclipse.m2e.maven.runtime_3.8.701.20230209-1606\jars\maven-resolver-api-1.6.3.jar
2023-06-07 14:40:47,104 [Worker-9: Launching mavenrun-7441a881-a8a7-4206-8e02-08bcdbca5f30] INFO  o.eclipse.m2e.core.internal.Bundles - 	Entry: C:\Users\admin\.p2\pool\plugins\org.eclipse.m2e.maven.runtime_3.8.701.20230209-1606\jars\maven-resolver-connector-basic-1.6.3.jar
2023-06-07 14:40:47,105 [Worker-9: Launching mavenrun-7441a881-a8a7-4206-8e02-08bcdbca5f30] INFO  o.eclipse.m2e.core.internal.Bundles - 	Entry: C:\Users\admin\.p2\pool\plugins\org.eclipse.m2e.maven.runtime_3.8.701.20230209-1606\jars\maven-resolver-impl-1.6.3.jar
2023-06-07 14:40:47,105 [Worker-9: Launching mavenrun-7441a881-a8a7-4206-8e02-08bcdbca5f30] INFO  o.eclipse.m2e.core.internal.Bundles - 	Entry: C:\Users\admin\.p2\pool\plugins\org.eclipse.m2e.maven.runtime_3.8.701.20230209-1606\jars\maven-resolver-provider-3.8.7.jar
2023-06-07 14:40:47,105 [Worker-9: Launching mavenrun-7441a881-a8a7-4206-8e02-08bcdbca5f30] INFO  o.eclipse.m2e.core.internal.Bundles - 	Entry: C:\Users\admin\.p2\pool\plugins\org.eclipse.m2e.maven.runtime_3.8.701.20230209-1606\jars\maven-resolver-spi-1.6.3.jar
2023-06-07 14:40:47,105 [Worker-9: Launching mavenrun-7441a881-a8a7-4206-8e02-08bcdbca5f30] INFO  o.eclipse.m2e.core.internal.Bundles - 	Entry: C:\Users\admin\.p2\pool\plugins\org.eclipse.m2e.maven.runtime_3.8.701.20230209-1606\jars\maven-resolver-transport-wagon-1.6.3.jar
2023-06-07 14:40:47,105 [Worker-9: Launching mavenrun-7441a881-a8a7-4206-8e02-08bcdbca5f30] INFO  o.eclipse.m2e.core.internal.Bundles - 	Entry: C:\Users\admin\.p2\pool\plugins\org.eclipse.m2e.maven.runtime_3.8.701.20230209-1606\jars\maven-resolver-util-1.6.3.jar
2023-06-07 14:40:47,105 [Worker-9: Launching mavenrun-7441a881-a8a7-4206-8e02-08bcdbca5f30] INFO  o.eclipse.m2e.core.internal.Bundles - 	Entry: C:\Users\admin\.p2\pool\plugins\org.eclipse.m2e.maven.runtime_3.8.701.20230209-1606\jars\maven-settings-3.8.7.jar
2023-06-07 14:40:47,106 [Worker-9: Launching mavenrun-7441a881-a8a7-4206-8e02-08bcdbca5f30] INFO  o.eclipse.m2e.core.internal.Bundles - 	Entry: C:\Users\admin\.p2\pool\plugins\org.eclipse.m2e.maven.runtime_3.8.701.20230209-1606\jars\maven-settings-builder-3.8.7.jar
2023-06-07 14:40:47,106 [Worker-9: Launching mavenrun-7441a881-a8a7-4206-8e02-08bcdbca5f30] INFO  o.eclipse.m2e.core.internal.Bundles - 	Entry: C:\Users\admin\.p2\pool\plugins\org.eclipse.m2e.maven.runtime_3.8.701.20230209-1606\jars\maven-shared-utils-3.3.4.jar
2023-06-07 14:40:47,106 [Worker-9: Launching mavenrun-7441a881-a8a7-4206-8e02-08bcdbca5f30] INFO  o.eclipse.m2e.core.internal.Bundles - 	Entry: C:\Users\admin\.p2\pool\plugins\org.eclipse.m2e.maven.runtime_3.8.701.20230209-1606\jars\okhttp-3.14.1.jar
2023-06-07 14:40:47,107 [Worker-9: Launching mavenrun-7441a881-a8a7-4206-8e02-08bcdbca5f30] INFO  o.eclipse.m2e.core.internal.Bundles - 	Entry: C:\Users\admin\.p2\pool\plugins\org.eclipse.m2e.maven.runtime_3.8.701.20230209-1606\jars\okio-1.17.3.jar
2023-06-07 14:40:47,107 [Worker-9: Launching mavenrun-7441a881-a8a7-4206-8e02-08bcdbca5f30] INFO  o.eclipse.m2e.core.internal.Bundles - 	Entry: C:\Users\admin\.p2\pool\plugins\org.eclipse.m2e.maven.runtime_3.8.701.20230209-1606\jars\org.eclipse.sisu.inject-0.3.5.jar
2023-06-07 14:40:47,107 [Worker-9: Launching mavenrun-7441a881-a8a7-4206-8e02-08bcdbca5f30] INFO  o.eclipse.m2e.core.internal.Bundles - 	Entry: C:\Users\admin\.p2\pool\plugins\org.eclipse.m2e.maven.runtime_3.8.701.20230209-1606\jars\org.eclipse.sisu.plexus-0.3.5.jar
2023-06-07 14:40:47,107 [Worker-9: Launching mavenrun-7441a881-a8a7-4206-8e02-08bcdbca5f30] INFO  o.eclipse.m2e.core.internal.Bundles - 	Entry: C:\Users\admin\.p2\pool\plugins\org.eclipse.m2e.maven.runtime_3.8.701.20230209-1606\jars\plexus-build-api-0.0.7.jar
2023-06-07 14:40:47,108 [Worker-9: Launching mavenrun-7441a881-a8a7-4206-8e02-08bcdbca5f30] INFO  o.eclipse.m2e.core.internal.Bundles - 	Entry: C:\Users\admin\.p2\pool\plugins\org.eclipse.m2e.maven.runtime_3.8.701.20230209-1606\jars\plexus-cipher-2.0.jar
2023-06-07 14:40:47,108 [Worker-9: Launching mavenrun-7441a881-a8a7-4206-8e02-08bcdbca5f30] INFO  o.eclipse.m2e.core.internal.Bundles - 	Entry: C:\Users\admin\.p2\pool\plugins\org.eclipse.m2e.maven.runtime_3.8.701.20230209-1606\jars\plexus-classworlds-2.6.0.jar
2023-06-07 14:40:47,108 [Worker-9: Launching mavenrun-7441a881-a8a7-4206-8e02-08bcdbca5f30] INFO  o.eclipse.m2e.core.internal.Bundles - 	Entry: C:\Users\admin\.p2\pool\plugins\org.eclipse.m2e.maven.runtime_3.8.701.20230209-1606\jars\plexus-component-annotations-2.1.0.jar
2023-06-07 14:40:47,108 [Worker-9: Launching mavenrun-7441a881-a8a7-4206-8e02-08bcdbca5f30] INFO  o.eclipse.m2e.core.internal.Bundles - 	Entry: C:\Users\admin\.p2\pool\plugins\org.eclipse.m2e.maven.runtime_3.8.701.20230209-1606\jars\plexus-interpolation-1.26.jar
2023-06-07 14:40:47,108 [Worker-9: Launching mavenrun-7441a881-a8a7-4206-8e02-08bcdbca5f30] INFO  o.eclipse.m2e.core.internal.Bundles - 	Entry: C:\Users\admin\.p2\pool\plugins\org.eclipse.m2e.maven.runtime_3.8.701.20230209-1606\jars\plexus-sec-dispatcher-2.0.jar
2023-06-07 14:40:47,109 [Worker-9: Launching mavenrun-7441a881-a8a7-4206-8e02-08bcdbca5f30] INFO  o.eclipse.m2e.core.internal.Bundles - 	Entry: C:\Users\admin\.p2\pool\plugins\org.eclipse.m2e.maven.runtime_3.8.701.20230209-1606\jars\plexus-utils-3.3.1.jar
2023-06-07 14:40:47,109 [Worker-9: Launching mavenrun-7441a881-a8a7-4206-8e02-08bcdbca5f30] INFO  o.eclipse.m2e.core.internal.Bundles - 	Entry: C:\Users\admin\.p2\pool\plugins\org.eclipse.m2e.maven.runtime_3.8.701.20230209-1606\jars\wagon-file-3.5.3.jar
2023-06-07 14:40:47,109 [Worker-9: Launching mavenrun-7441a881-a8a7-4206-8e02-08bcdbca5f30] INFO  o.eclipse.m2e.core.internal.Bundles - 	Entry: C:\Users\admin\.p2\pool\plugins\org.eclipse.m2e.maven.runtime_3.8.701.20230209-1606\jars\wagon-provider-api-3.5.3.jar
2023-06-07 14:40:47,111 [Worker-9: Launching mavenrun-7441a881-a8a7-4206-8e02-08bcdbca5f30] INFO  o.eclipse.m2e.core.internal.Bundles - getClasspathEntries(Bundle=com.google.guava_31.1.0.jre [450])
2023-06-07 14:40:47,112 [Worker-9: Launching mavenrun-7441a881-a8a7-4206-8e02-08bcdbca5f30] INFO  o.eclipse.m2e.core.internal.Bundles - 	Entry: C:\Users\admin\.p2\pool\plugins\com.google.guava_31.1.0.jre.jar
2023-06-07 14:40:47,113 [Worker-9: Launching mavenrun-7441a881-a8a7-4206-8e02-08bcdbca5f30] INFO  o.eclipse.m2e.core.internal.Bundles - getClasspathEntries(Bundle=slf4j.api_1.7.36 [433])
2023-06-07 14:40:47,114 [Worker-9: Launching mavenrun-7441a881-a8a7-4206-8e02-08bcdbca5f30] INFO  o.eclipse.m2e.core.internal.Bundles - 	Entry: C:\Users\admin\.p2\pool\plugins\slf4j.api_1.7.36.jar
2023-06-07 14:40:47,114 [Worker-9: Launching mavenrun-7441a881-a8a7-4206-8e02-08bcdbca5f30] INFO  o.eclipse.m2e.core.internal.Bundles - getClasspathEntries(Bundle=javax.inject_1.0.0.v20220405-0441 [18])
2023-06-07 14:40:47,115 [Worker-9: Launching mavenrun-7441a881-a8a7-4206-8e02-08bcdbca5f30] INFO  o.eclipse.m2e.core.internal.Bundles - 	Entry: C:\Users\admin\.p2\pool\plugins\javax.inject_1.0.0.v20220405-0441.jar
2023-06-07 14:40:47,115 [Worker-9: Launching mavenrun-7441a881-a8a7-4206-8e02-08bcdbca5f30] INFO  o.eclipse.m2e.core.internal.Bundles - getClasspathEntries(Bundle=javax.annotation_1.3.5.v20221203-1659 [453])
2023-06-07 14:40:47,116 [Worker-9: Launching mavenrun-7441a881-a8a7-4206-8e02-08bcdbca5f30] INFO  o.eclipse.m2e.core.internal.Bundles - 	Entry: C:\Users\admin\.p2\pool\plugins\javax.annotation_1.3.5.v20221203-1659.jar
2023-06-07 14:40:47,116 [Worker-9: Launching mavenrun-7441a881-a8a7-4206-8e02-08bcdbca5f30] INFO  o.eclipse.m2e.core.internal.Bundles - getClasspathEntries(Bundle=org.apache.commons.cli_1.4.0.v20221112-0806 [467])
2023-06-07 14:40:47,144 [Worker-9: Launching mavenrun-7441a881-a8a7-4206-8e02-08bcdbca5f30] INFO  o.eclipse.m2e.core.internal.Bundles - 	Entry: C:\Users\admin\.p2\pool\plugins\org.apache.commons.cli_1.4.0.v20221112-0806.jar
2023-06-07 14:40:47,144 [Worker-9: Launching mavenrun-7441a881-a8a7-4206-8e02-08bcdbca5f30] INFO  o.eclipse.m2e.core.internal.Bundles - getClasspathEntries(Bundle=com.google.guava.failureaccess_1.0.1 [451])
2023-06-07 14:40:47,145 [Worker-9: Launching mavenrun-7441a881-a8a7-4206-8e02-08bcdbca5f30] INFO  o.eclipse.m2e.core.internal.Bundles - 	Entry: C:\Users\admin\.p2\pool\plugins\com.google.guava.failureaccess_1.0.1.jar
2023-06-07 14:40:47,154 [Worker-9: Launching mavenrun-7441a881-a8a7-4206-8e02-08bcdbca5f30] INFO  o.e.m.i.launch.MavenLaunchDelegate - Run build in "C:\Users\admin\AppData\Local\Temp\m2e-archetypeGenerator8113150839221745540":
2023-06-07 14:40:47,160 [Worker-9: Launching mavenrun-7441a881-a8a7-4206-8e02-08bcdbca5f30] INFO  o.e.m.i.launch.MavenLaunchDelegate -  mvn  -DarchetypeGroupId=org.apache.maven.archetypes -DarchetypeArtifactId=maven-archetype-quickstart -DarchetypeVersion=1.4 -DgroupId=demo.jenkins -DartifactId=MavenJenkins -Dversion=0.0.1-SNAPSHOT -Dpackage=demo.jenkins.MavenJenkins -DoutputDirectory="F:\svl svs\Phase 4 live classes\Jenkins Demo Prac" -B -Dstyle.color=always -U archetype:generate
2023-06-07 14:41:01,024 [Worker-6: Creating maven-archetype-quickstart] INFO  o.e.m.c.i.p.ProjectConfigurationManager - Collecting project info '/pom.xml' F:\svl svs\Phase 4 live classes\Jenkins Demo Prac\MavenJenkins\pom.xml
2023-06-07 14:41:04,724 [Worker-6: Creating maven-archetype-quickstart] INFO  o.e.m.c.i.l.LifecycleMappingFactory - Using org.eclipse.m2e.jdt.JarLifecycleMapping lifecycle mapping for MavenProject: demo.jenkins:MavenJenkins:0.0.1-SNAPSHOT @ F:\svl svs\Phase 4 live classes\Jenkins Demo Prac\MavenJenkins\pom.xml.
2023-06-07 14:41:06,993 [Worker-6: Creating maven-archetype-quickstart] INFO  o.e.m.j.i.AbstractJavaProjectConfigurator - Adding source folder /MavenJenkins/src/main/java
2023-06-07 14:41:07,007 [Worker-6: Creating maven-archetype-quickstart] INFO  o.e.m.j.i.AbstractJavaProjectConfigurator - Adding source folder /MavenJenkins/src/test/java
2023-06-07 14:41:07,527 [Worker-6: Creating maven-archetype-quickstart] INFO  o.e.m.c.i.p.ProjectConfigurationManager - Imported and configured 1 project(s) in 6 sec
2023-06-07 14:41:08,998 [Worker-7: Building] INFO  o.e.m.c.i.embedder.EclipseLogger - Using 'UTF-8' encoding to copy filtered resources.
2023-06-07 14:41:08,998 [Worker-7: Building] INFO  o.e.m.c.i.embedder.EclipseLogger - skip non existing resourceDirectory F:\svl svs\Phase 4 live classes\Jenkins Demo Prac\MavenJenkins\src\main\resources
2023-06-07 14:41:09,003 [Worker-7: Building] INFO  o.e.m.c.i.embedder.EclipseLogger - Using 'UTF-8' encoding to copy filtered resources.
2023-06-07 14:41:09,003 [Worker-7: Building] INFO  o.e.m.c.i.embedder.EclipseLogger - skip non existing resourceDirectory F:\svl svs\Phase 4 live classes\Jenkins Demo Prac\MavenJenkins\src\test\resources
2023-06-07 15:53:13,386 [Worker-12: Building] INFO  o.e.m.c.i.l.LifecycleMappingFactory - Using org.eclipse.m2e.jdt.JarLifecycleMapping lifecycle mapping for MavenProject: demo.jenkins:MavenJenkins:0.0.1-SNAPSHOT @ F:\svl svs\Phase 4 live classes\Jenkins Demo Prac\MavenJenkins\pom.xml.
2023-06-07 15:53:28,149 [Worker-12: Building] INFO  o.e.m.c.i.embedder.EclipseLogger - Using 'UTF-8' encoding to copy filtered resources.
2023-06-07 15:53:28,150 [Worker-12: Building] INFO  o.e.m.c.i.embedder.EclipseLogger - skip non existing resourceDirectory F:\svl svs\Phase 4 live classes\Jenkins Demo Prac\MavenJenkins\src\main\resources
2023-06-07 15:53:28,153 [Worker-12: Building] INFO  o.e.m.c.i.embedder.EclipseLogger - Using 'UTF-8' encoding to copy filtered resources.
2023-06-07 15:53:28,153 [Worker-12: Building] INFO  o.e.m.c.i.embedder.EclipseLogger - skip non existing resourceDirectory F:\svl svs\Phase 4 live classes\Jenkins Demo Prac\MavenJenkins\src\test\resources
2023-06-07 15:53:39,328 [Worker-4: Building] INFO  o.e.m.c.i.embedder.EclipseLogger - Using 'UTF-8' encoding to copy filtered resources.
2023-06-07 15:53:39,328 [Worker-4: Building] INFO  o.e.m.c.i.embedder.EclipseLogger - skip non existing resourceDirectory F:\svl svs\Phase 4 live classes\Jenkins Demo Prac\MavenJenkins\src\main\resources
2023-06-07 15:53:39,330 [Worker-4: Building] INFO  o.e.m.c.i.embedder.EclipseLogger - Using 'UTF-8' encoding to copy filtered resources.
2023-06-07 15:53:39,331 [Worker-4: Building] INFO  o.e.m.c.i.embedder.EclipseLogger - skip non existing resourceDirectory F:\svl svs\Phase 4 live classes\Jenkins Demo Prac\MavenJenkins\src\test\resources
2023-06-07 15:56:11,579 [Start Help Server] INFO  org.eclipse.jetty.server.Server - jetty-10.0.13; built: 2022-12-07T20:13:20.134Z; git: 1c2636ea05c0ca8de1ffd6ca7f3a98ac084c766d; jvm 17.0.6+10
2023-06-07 15:56:11,848 [Start Help Server] INFO  o.e.j.s.s.DefaultSessionIdManager - Session workerName=node0
2023-06-07 15:56:12,174 [Start Help Server] INFO  o.e.j.server.handler.ContextHandler - Started o.e.j.s.ServletContextHandler@25186658{/help,null,AVAILABLE}
2023-06-07 15:56:13,234 [Start Help Server] INFO  o.e.jetty.server.AbstractConnector - Started ServerConnector@1fcc93bc{HTTP/1.1, (http/1.1)}{127.0.0.1:58421}
2023-06-07 15:56:13,533 [Start Help Server] INFO  org.eclipse.jetty.server.Server - Started Server@35acb8bd{STARTING}[10.0.13,sto=0] @838948ms
2023-06-07 15:57:22,791 [Worker-13: Building] INFO  o.e.m.c.i.embedder.EclipseLogger - Using 'UTF-8' encoding to copy filtered resources.
2023-06-07 15:57:22,791 [Worker-13: Building] INFO  o.e.m.c.i.embedder.EclipseLogger - skip non existing resourceDirectory F:\svl svs\Phase 4 live classes\Jenkins Demo Prac\MavenJenkins\src\main\resources
2023-06-07 15:57:22,795 [Worker-13: Building] INFO  o.e.m.c.i.embedder.EclipseLogger - Using 'UTF-8' encoding to copy filtered resources.
2023-06-07 15:57:22,795 [Worker-13: Building] INFO  o.e.m.c.i.embedder.EclipseLogger - skip non existing resourceDirectory F:\svl svs\Phase 4 live classes\Jenkins Demo Prac\MavenJenkins\src\test\resources
2023-06-07 15:57:32,099 [Worker-13: Building] INFO  o.e.m.c.i.embedder.EclipseLogger - Using 'UTF-8' encoding to copy filtered resources.
2023-06-07 15:57:32,099 [Worker-13: Building] INFO  o.e.m.c.i.embedder.EclipseLogger - skip non existing resourceDirectory F:\svl svs\Phase 4 live classes\Jenkins Demo Prac\MavenJenkins\src\main\resources
2023-06-07 15:57:32,102 [Worker-13: Building] INFO  o.e.m.c.i.embedder.EclipseLogger - Using 'UTF-8' encoding to copy filtered resources.
2023-06-07 15:57:32,102 [Worker-13: Building] INFO  o.e.m.c.i.embedder.EclipseLogger - skip non existing resourceDirectory F:\svl svs\Phase 4 live classes\Jenkins Demo Prac\MavenJenkins\src\test\resources
2023-06-07 16:00:32,694 [Worker-16: Building] INFO  o.e.m.c.i.embedder.EclipseLogger - Using 'UTF-8' encoding to copy filtered resources.
2023-06-07 16:00:32,695 [Worker-16: Building] INFO  o.e.m.c.i.embedder.EclipseLogger - skip non existing resourceDirectory F:\svl svs\Phase 4 live classes\Jenkins Demo Prac\MavenJenkins\src\main\resources
2023-06-07 16:00:32,737 [Worker-16: Building] INFO  o.e.m.c.i.embedder.EclipseLogger - Using 'UTF-8' encoding to copy filtered resources.
2023-06-07 16:00:32,737 [Worker-16: Building] INFO  o.e.m.c.i.embedder.EclipseLogger - skip non existing resourceDirectory F:\svl svs\Phase 4 live classes\Jenkins Demo Prac\MavenJenkins\src\test\resources
2023-06-07 16:03:00,017 [Worker-17: Launching AppTest.mavenjenkins] INFO  o.e.m.c.i.embedder.EclipseLogger - Using 'UTF-8' encoding to copy filtered resources.
2023-06-07 16:03:00,018 [Worker-17: Launching AppTest.mavenjenkins] INFO  o.e.m.c.i.embedder.EclipseLogger - skip non existing resourceDirectory F:\svl svs\Phase 4 live classes\Jenkins Demo Prac\MavenJenkins\src\main\resources
2023-06-07 16:03:00,021 [Worker-17: Launching AppTest.mavenjenkins] INFO  o.e.m.c.i.embedder.EclipseLogger - Using 'UTF-8' encoding to copy filtered resources.
2023-06-07 16:03:00,021 [Worker-17: Launching AppTest.mavenjenkins] INFO  o.e.m.c.i.embedder.EclipseLogger - skip non existing resourceDirectory F:\svl svs\Phase 4 live classes\Jenkins Demo Prac\MavenJenkins\src\test\resources
2023-06-07 16:03:38,886 [Worker-17: Building] INFO  o.e.m.c.i.embedder.EclipseLogger - Using 'UTF-8' encoding to copy filtered resources.
2023-06-07 16:03:38,886 [Worker-17: Building] INFO  o.e.m.c.i.embedder.EclipseLogger - skip non existing resourceDirectory F:\svl svs\Phase 4 live classes\Jenkins Demo Prac\MavenJenkins\src\main\resources
2023-06-07 16:03:38,888 [Worker-17: Building] INFO  o.e.m.c.i.embedder.EclipseLogger - Using 'UTF-8' encoding to copy filtered resources.
2023-06-07 16:03:38,888 [Worker-17: Building] INFO  o.e.m.c.i.embedder.EclipseLogger - skip non existing resourceDirectory F:\svl svs\Phase 4 live classes\Jenkins Demo Prac\MavenJenkins\src\test\resources
2023-06-07 16:12:55,429 [Stop Help Server] INFO  org.eclipse.jetty.server.Server - Stopped Server@35acb8bd{STOPPING}[10.0.13,sto=0]
2023-06-07 16:12:55,518 [Stop Help Server] INFO  o.e.jetty.server.AbstractConnector - Stopped ServerConnector@1fcc93bc{HTTP/1.1, (http/1.1)}{127.0.0.1:0}
2023-06-07 16:12:55,615 [Stop Help Server] INFO  o.e.j.server.handler.ContextHandler - Stopped o.e.j.s.ServletContextHandler@25186658{/help,null,STOPPED}
2023-06-07 16:17:25,294 [Worker-2: Loading available Gradle versions] INFO  o.e.b.c.i.u.g.PublishedGradleVersions - Gradle version information cache is up-to-date. Trying to read.
2023-06-07 16:17:57,859 [Worker-5: Updating Maven Project] INFO  o.e.m.c.i.p.ProjectConfigurationManager - Update started
2023-06-07 16:18:00,508 [Worker-5: Updating Maven Project] INFO  o.e.m.c.i.l.LifecycleMappingFactory - Using org.eclipse.m2e.jdt.JarLifecycleMapping lifecycle mapping for MavenProject: demo.jenkins:MavenJenkins:0.0.1-SNAPSHOT @ F:\svl svs\Phase 4 live classes\Jenkins Demo Prac\MavenJenkins\pom.xml.
2023-06-07 16:18:05,602 [Worker-5: Updating Maven Project] INFO  o.e.m.j.i.AbstractJavaProjectConfigurator - Adding source folder /MavenJenkins/src/main/java
2023-06-07 16:18:05,603 [Worker-5: Updating Maven Project] INFO  o.e.m.j.i.AbstractJavaProjectConfigurator - Adding source folder /MavenJenkins/src/test/java
2023-06-07 16:18:06,229 [Worker-5: Updating Maven Project] INFO  o.e.m.c.i.p.ProjectConfigurationManager - Update completed for 1 poms: local refresh takes 0.00 sec, refresh facades takes 5.00 sec, update config takes 2.00 sec 
2023-06-07 16:18:06,689 [Worker-3: Building] INFO  o.e.m.c.i.embedder.EclipseLogger - Using 'UTF-8' encoding to copy filtered resources.
2023-06-07 16:18:06,690 [Worker-3: Building] INFO  o.e.m.c.i.embedder.EclipseLogger - skip non existing resourceDirectory F:\svl svs\Phase 4 live classes\Jenkins Demo Prac\MavenJenkins\src\main\resources
2023-06-07 16:18:06,695 [Worker-3: Building] INFO  o.e.m.c.i.embedder.EclipseLogger - Using 'UTF-8' encoding to copy filtered resources.
2023-06-07 16:18:06,695 [Worker-3: Building] INFO  o.e.m.c.i.embedder.EclipseLogger - skip non existing resourceDirectory F:\svl svs\Phase 4 live classes\Jenkins Demo Prac\MavenJenkins\src\test\resources
2023-06-07 16:18:12,564 [Worker-9: Launching Executing clean in F__svl svs_Phase 4 live classes_Jenkins Demo Prac_MavenJenkins] INFO  o.eclipse.m2e.core.internal.Bundles - getClasspathEntries(Bundle=org.eclipse.m2e.maven.runtime_3.8.701.20230209-1606 [566])
2023-06-07 16:18:12,578 [Worker-9: Launching Executing clean in F__svl svs_Phase 4 live classes_Jenkins Demo Prac_MavenJenkins] INFO  o.eclipse.m2e.core.internal.Bundles - 	Entry: C:\Users\admin\.p2\pool\plugins\org.eclipse.m2e.maven.runtime_3.8.701.20230209-1606
2023-06-07 16:18:12,579 [Worker-9: Launching Executing clean in F__svl svs_Phase 4 live classes_Jenkins Demo Prac_MavenJenkins] INFO  o.eclipse.m2e.core.internal.Bundles - 	Entry: C:\Users\admin\.p2\pool\plugins\org.eclipse.m2e.maven.runtime_3.8.701.20230209-1606\jars\aether-connector-okhttp-0.17.8.jar
2023-06-07 16:18:12,579 [Worker-9: Launching Executing clean in F__svl svs_Phase 4 live classes_Jenkins Demo Prac_MavenJenkins] INFO  o.eclipse.m2e.core.internal.Bundles - 	Entry: C:\Users\admin\.p2\pool\plugins\org.eclipse.m2e.maven.runtime_3.8.701.20230209-1606\jars\commons-lang3-3.8.1.jar
2023-06-07 16:18:12,580 [Worker-9: Launching Executing clean in F__svl svs_Phase 4 live classes_Jenkins Demo Prac_MavenJenkins] INFO  o.eclipse.m2e.core.internal.Bundles - 	Entry: C:\Users\admin\.p2\pool\plugins\org.eclipse.m2e.maven.runtime_3.8.701.20230209-1606\jars\guice-4.2.2-no_aop.jar
2023-06-07 16:18:12,580 [Worker-9: Launching Executing clean in F__svl svs_Phase 4 live classes_Jenkins Demo Prac_MavenJenkins] INFO  o.eclipse.m2e.core.internal.Bundles - 	Entry: C:\Users\admin\.p2\pool\plugins\org.eclipse.m2e.maven.runtime_3.8.701.20230209-1606\jars\jansi-2.4.0.jar
2023-06-07 16:18:12,581 [Worker-9: Launching Executing clean in F__svl svs_Phase 4 live classes_Jenkins Demo Prac_MavenJenkins] INFO  o.eclipse.m2e.core.internal.Bundles - 	Entry: C:\Users\admin\.p2\pool\plugins\org.eclipse.m2e.maven.runtime_3.8.701.20230209-1606\jars\maven-artifact-3.8.7.jar
2023-06-07 16:18:12,581 [Worker-9: Launching Executing clean in F__svl svs_Phase 4 live classes_Jenkins Demo Prac_MavenJenkins] INFO  o.eclipse.m2e.core.internal.Bundles - 	Entry: C:\Users\admin\.p2\pool\plugins\org.eclipse.m2e.maven.runtime_3.8.701.20230209-1606\jars\maven-builder-support-3.8.7.jar
2023-06-07 16:18:12,581 [Worker-9: Launching Executing clean in F__svl svs_Phase 4 live classes_Jenkins Demo Prac_MavenJenkins] INFO  o.eclipse.m2e.core.internal.Bundles - 	Entry: C:\Users\admin\.p2\pool\plugins\org.eclipse.m2e.maven.runtime_3.8.701.20230209-1606\jars\maven-compat-3.8.7.jar
2023-06-07 16:18:12,582 [Worker-9: Launching Executing clean in F__svl svs_Phase 4 live classes_Jenkins Demo Prac_MavenJenkins] INFO  o.eclipse.m2e.core.internal.Bundles - 	Entry: C:\Users\admin\.p2\pool\plugins\org.eclipse.m2e.maven.runtime_3.8.701.20230209-1606\jars\maven-core-3.8.7.jar
2023-06-07 16:18:12,582 [Worker-9: Launching Executing clean in F__svl svs_Phase 4 live classes_Jenkins Demo Prac_MavenJenkins] INFO  o.eclipse.m2e.core.internal.Bundles - 	Entry: C:\Users\admin\.p2\pool\plugins\org.eclipse.m2e.maven.runtime_3.8.701.20230209-1606\jars\maven-embedder-3.8.7.jar
2023-06-07 16:18:12,582 [Worker-9: Launching Executing clean in F__svl svs_Phase 4 live classes_Jenkins Demo Prac_MavenJenkins] INFO  o.eclipse.m2e.core.internal.Bundles - 	Entry: C:\Users\admin\.p2\pool\plugins\org.eclipse.m2e.maven.runtime_3.8.701.20230209-1606\jars\maven-model-3.8.7.jar
2023-06-07 16:18:12,583 [Worker-9: Launching Executing clean in F__svl svs_Phase 4 live classes_Jenkins Demo Prac_MavenJenkins] INFO  o.eclipse.m2e.core.internal.Bundles - 	Entry: C:\Users\admin\.p2\pool\plugins\org.eclipse.m2e.maven.runtime_3.8.701.20230209-1606\jars\maven-model-builder-3.8.7.jar
2023-06-07 16:18:12,583 [Worker-9: Launching Executing clean in F__svl svs_Phase 4 live classes_Jenkins Demo Prac_MavenJenkins] INFO  o.eclipse.m2e.core.internal.Bundles - 	Entry: C:\Users\admin\.p2\pool\plugins\org.eclipse.m2e.maven.runtime_3.8.701.20230209-1606\jars\maven-plugin-api-3.8.7.jar
2023-06-07 16:18:12,583 [Worker-9: Launching Executing clean in F__svl svs_Phase 4 live classes_Jenkins Demo Prac_MavenJenkins] INFO  o.eclipse.m2e.core.internal.Bundles - 	Entry: C:\Users\admin\.p2\pool\plugins\org.eclipse.m2e.maven.runtime_3.8.701.20230209-1606\jars\maven-repository-metadata-3.8.7.jar
2023-06-07 16:18:12,583 [Worker-9: Launching Executing clean in F__svl svs_Phase 4 live classes_Jenkins Demo Prac_MavenJenkins] INFO  o.eclipse.m2e.core.internal.Bundles - 	Entry: C:\Users\admin\.p2\pool\plugins\org.eclipse.m2e.maven.runtime_3.8.701.20230209-1606\jars\maven-resolver-api-1.6.3.jar
2023-06-07 16:18:12,584 [Worker-9: Launching Executing clean in F__svl svs_Phase 4 live classes_Jenkins Demo Prac_MavenJenkins] INFO  o.eclipse.m2e.core.internal.Bundles - 	Entry: C:\Users\admin\.p2\pool\plugins\org.eclipse.m2e.maven.runtime_3.8.701.20230209-1606\jars\maven-resolver-connector-basic-1.6.3.jar
2023-06-07 16:18:12,584 [Worker-9: Launching Executing clean in F__svl svs_Phase 4 live classes_Jenkins Demo Prac_MavenJenkins] INFO  o.eclipse.m2e.core.internal.Bundles - 	Entry: C:\Users\admin\.p2\pool\plugins\org.eclipse.m2e.maven.runtime_3.8.701.20230209-1606\jars\maven-resolver-impl-1.6.3.jar
2023-06-07 16:18:12,585 [Worker-9: Launching Executing clean in F__svl svs_Phase 4 live classes_Jenkins Demo Prac_MavenJenkins] INFO  o.eclipse.m2e.core.internal.Bundles - 	Entry: C:\Users\admin\.p2\pool\plugins\org.eclipse.m2e.maven.runtime_3.8.701.20230209-1606\jars\maven-resolver-provider-3.8.7.jar
2023-06-07 16:18:12,585 [Worker-9: Launching Executing clean in F__svl svs_Phase 4 live classes_Jenkins Demo Prac_MavenJenkins] INFO  o.eclipse.m2e.core.internal.Bundles - 	Entry: C:\Users\admin\.p2\pool\plugins\org.eclipse.m2e.maven.runtime_3.8.701.20230209-1606\jars\maven-resolver-spi-1.6.3.jar
2023-06-07 16:18:12,585 [Worker-9: Launching Executing clean in F__svl svs_Phase 4 live classes_Jenkins Demo Prac_MavenJenkins] INFO  o.eclipse.m2e.core.internal.Bundles - 	Entry: C:\Users\admin\.p2\pool\plugins\org.eclipse.m2e.maven.runtime_3.8.701.20230209-1606\jars\maven-resolver-transport-wagon-1.6.3.jar
2023-06-07 16:18:12,585 [Worker-9: Launching Executing clean in F__svl svs_Phase 4 live classes_Jenkins Demo Prac_MavenJenkins] INFO  o.eclipse.m2e.core.internal.Bundles - 	Entry: C:\Users\admin\.p2\pool\plugins\org.eclipse.m2e.maven.runtime_3.8.701.20230209-1606\jars\maven-resolver-util-1.6.3.jar
2023-06-07 16:18:12,586 [Worker-9: Launching Executing clean in F__svl svs_Phase 4 live classes_Jenkins Demo Prac_MavenJenkins] INFO  o.eclipse.m2e.core.internal.Bundles - 	Entry: C:\Users\admin\.p2\pool\plugins\org.eclipse.m2e.maven.runtime_3.8.701.20230209-1606\jars\maven-settings-3.8.7.jar
2023-06-07 16:18:12,586 [Worker-9: Launching Executing clean in F__svl svs_Phase 4 live classes_Jenkins Demo Prac_MavenJenkins] INFO  o.eclipse.m2e.core.internal.Bundles - 	Entry: C:\Users\admin\.p2\pool\plugins\org.eclipse.m2e.maven.runtime_3.8.701.20230209-1606\jars\maven-settings-builder-3.8.7.jar
2023-06-07 16:18:12,586 [Worker-9: Launching Executing clean in F__svl svs_Phase 4 live classes_Jenkins Demo Prac_MavenJenkins] INFO  o.eclipse.m2e.core.internal.Bundles - 	Entry: C:\Users\admin\.p2\pool\plugins\org.eclipse.m2e.maven.runtime_3.8.701.20230209-1606\jars\maven-shared-utils-3.3.4.jar
2023-06-07 16:18:12,587 [Worker-9: Launching Executing clean in F__svl svs_Phase 4 live classes_Jenkins Demo Prac_MavenJenkins] INFO  o.eclipse.m2e.core.internal.Bundles - 	Entry: C:\Users\admin\.p2\pool\plugins\org.eclipse.m2e.maven.runtime_3.8.701.20230209-1606\jars\okhttp-3.14.1.jar
2023-06-07 16:18:12,588 [Worker-9: Launching Executing clean in F__svl svs_Phase 4 live classes_Jenkins Demo Prac_MavenJenkins] INFO  o.eclipse.m2e.core.internal.Bundles - 	Entry: C:\Users\admin\.p2\pool\plugins\org.eclipse.m2e.maven.runtime_3.8.701.20230209-1606\jars\okio-1.17.3.jar
2023-06-07 16:18:12,588 [Worker-9: Launching Executing clean in F__svl svs_Phase 4 live classes_Jenkins Demo Prac_MavenJenkins] INFO  o.eclipse.m2e.core.internal.Bundles - 	Entry: C:\Users\admin\.p2\pool\plugins\org.eclipse.m2e.maven.runtime_3.8.701.20230209-1606\jars\org.eclipse.sisu.inject-0.3.5.jar
2023-06-07 16:18:12,588 [Worker-9: Launching Executing clean in F__svl svs_Phase 4 live classes_Jenkins Demo Prac_MavenJenkins] INFO  o.eclipse.m2e.core.internal.Bundles - 	Entry: C:\Users\admin\.p2\pool\plugins\org.eclipse.m2e.maven.runtime_3.8.701.20230209-1606\jars\org.eclipse.sisu.plexus-0.3.5.jar
2023-06-07 16:18:12,589 [Worker-9: Launching Executing clean in F__svl svs_Phase 4 live classes_Jenkins Demo Prac_MavenJenkins] INFO  o.eclipse.m2e.core.internal.Bundles - 	Entry: C:\Users\admin\.p2\pool\plugins\org.eclipse.m2e.maven.runtime_3.8.701.20230209-1606\jars\plexus-build-api-0.0.7.jar
2023-06-07 16:18:12,590 [Worker-9: Launching Executing clean in F__svl svs_Phase 4 live classes_Jenkins Demo Prac_MavenJenkins] INFO  o.eclipse.m2e.core.internal.Bundles - 	Entry: C:\Users\admin\.p2\pool\plugins\org.eclipse.m2e.maven.runtime_3.8.701.20230209-1606\jars\plexus-cipher-2.0.jar
2023-06-07 16:18:12,590 [Worker-9: Launching Executing clean in F__svl svs_Phase 4 live classes_Jenkins Demo Prac_MavenJenkins] INFO  o.eclipse.m2e.core.internal.Bundles - 	Entry: C:\Users\admin\.p2\pool\plugins\org.eclipse.m2e.maven.runtime_3.8.701.20230209-1606\jars\plexus-classworlds-2.6.0.jar
2023-06-07 16:18:12,590 [Worker-9: Launching Executing clean in F__svl svs_Phase 4 live classes_Jenkins Demo Prac_MavenJenkins] INFO  o.eclipse.m2e.core.internal.Bundles - 	Entry: C:\Users\admin\.p2\pool\plugins\org.eclipse.m2e.maven.runtime_3.8.701.20230209-1606\jars\plexus-component-annotations-2.1.0.jar
2023-06-07 16:18:12,591 [Worker-9: Launching Executing clean in F__svl svs_Phase 4 live classes_Jenkins Demo Prac_MavenJenkins] INFO  o.eclipse.m2e.core.internal.Bundles - 	Entry: C:\Users\admin\.p2\pool\plugins\org.eclipse.m2e.maven.runtime_3.8.701.20230209-1606\jars\plexus-interpolation-1.26.jar
2023-06-07 16:18:12,591 [Worker-9: Launching Executing clean in F__svl svs_Phase 4 live classes_Jenkins Demo Prac_MavenJenkins] INFO  o.eclipse.m2e.core.internal.Bundles - 	Entry: C:\Users\admin\.p2\pool\plugins\org.eclipse.m2e.maven.runtime_3.8.701.20230209-1606\jars\plexus-sec-dispatcher-2.0.jar
2023-06-07 16:18:12,591 [Worker-9: Launching Executing clean in F__svl svs_Phase 4 live classes_Jenkins Demo Prac_MavenJenkins] INFO  o.eclipse.m2e.core.internal.Bundles - 	Entry: C:\Users\admin\.p2\pool\plugins\org.eclipse.m2e.maven.runtime_3.8.701.20230209-1606\jars\plexus-utils-3.3.1.jar
2023-06-07 16:18:12,591 [Worker-9: Launching Executing clean in F__svl svs_Phase 4 live classes_Jenkins Demo Prac_MavenJenkins] INFO  o.eclipse.m2e.core.internal.Bundles - 	Entry: C:\Users\admin\.p2\pool\plugins\org.eclipse.m2e.maven.runtime_3.8.701.20230209-1606\jars\wagon-file-3.5.3.jar
2023-06-07 16:18:12,591 [Worker-9: Launching Executing clean in F__svl svs_Phase 4 live classes_Jenkins Demo Prac_MavenJenkins] INFO  o.eclipse.m2e.core.internal.Bundles - 	Entry: C:\Users\admin\.p2\pool\plugins\org.eclipse.m2e.maven.runtime_3.8.701.20230209-1606\jars\wagon-provider-api-3.5.3.jar
2023-06-07 16:18:12,593 [Worker-9: Launching Executing clean in F__svl svs_Phase 4 live classes_Jenkins Demo Prac_MavenJenkins] INFO  o.eclipse.m2e.core.internal.Bundles - getClasspathEntries(Bundle=com.google.guava_31.1.0.jre [450])
2023-06-07 16:18:12,594 [Worker-9: Launching Executing clean in F__svl svs_Phase 4 live classes_Jenkins Demo Prac_MavenJenkins] INFO  o.eclipse.m2e.core.internal.Bundles - 	Entry: C:\Users\admin\.p2\pool\plugins\com.google.guava_31.1.0.jre.jar
2023-06-07 16:18:12,594 [Worker-9: Launching Executing clean in F__svl svs_Phase 4 live classes_Jenkins Demo Prac_MavenJenkins] INFO  o.eclipse.m2e.core.internal.Bundles - getClasspathEntries(Bundle=slf4j.api_1.7.36 [433])
2023-06-07 16:18:12,595 [Worker-9: Launching Executing clean in F__svl svs_Phase 4 live classes_Jenkins Demo Prac_MavenJenkins] INFO  o.eclipse.m2e.core.internal.Bundles - 	Entry: C:\Users\admin\.p2\pool\plugins\slf4j.api_1.7.36.jar
2023-06-07 16:18:12,595 [Worker-9: Launching Executing clean in F__svl svs_Phase 4 live classes_Jenkins Demo Prac_MavenJenkins] INFO  o.eclipse.m2e.core.internal.Bundles - getClasspathEntries(Bundle=javax.inject_1.0.0.v20220405-0441 [18])
2023-06-07 16:18:12,604 [Worker-9: Launching Executing clean in F__svl svs_Phase 4 live classes_Jenkins Demo Prac_MavenJenkins] INFO  o.eclipse.m2e.core.internal.Bundles - 	Entry: C:\Users\admin\.p2\pool\plugins\javax.inject_1.0.0.v20220405-0441.jar
2023-06-07 16:18:12,604 [Worker-9: Launching Executing clean in F__svl svs_Phase 4 live classes_Jenkins Demo Prac_MavenJenkins] INFO  o.eclipse.m2e.core.internal.Bundles - getClasspathEntries(Bundle=javax.annotation_1.3.5.v20221203-1659 [453])
2023-06-07 16:18:12,605 [Worker-9: Launching Executing clean in F__svl svs_Phase 4 live classes_Jenkins Demo Prac_MavenJenkins] INFO  o.eclipse.m2e.core.internal.Bundles - 	Entry: C:\Users\admin\.p2\pool\plugins\javax.annotation_1.3.5.v20221203-1659.jar
2023-06-07 16:18:12,605 [Worker-9: Launching Executing clean in F__svl svs_Phase 4 live classes_Jenkins Demo Prac_MavenJenkins] INFO  o.eclipse.m2e.core.internal.Bundles - getClasspathEntries(Bundle=org.apache.commons.cli_1.4.0.v20221112-0806 [467])
2023-06-07 16:18:12,607 [Worker-9: Launching Executing clean in F__svl svs_Phase 4 live classes_Jenkins Demo Prac_MavenJenkins] INFO  o.eclipse.m2e.core.internal.Bundles - 	Entry: C:\Users\admin\.p2\pool\plugins\org.apache.commons.cli_1.4.0.v20221112-0806.jar
2023-06-07 16:18:12,607 [Worker-9: Launching Executing clean in F__svl svs_Phase 4 live classes_Jenkins Demo Prac_MavenJenkins] INFO  o.eclipse.m2e.core.internal.Bundles - getClasspathEntries(Bundle=com.google.guava.failureaccess_1.0.1 [451])
2023-06-07 16:18:12,608 [Worker-9: Launching Executing clean in F__svl svs_Phase 4 live classes_Jenkins Demo Prac_MavenJenkins] INFO  o.eclipse.m2e.core.internal.Bundles - 	Entry: C:\Users\admin\.p2\pool\plugins\com.google.guava.failureaccess_1.0.1.jar
2023-06-07 16:18:12,612 [Worker-9: Launching Executing clean in F__svl svs_Phase 4 live classes_Jenkins Demo Prac_MavenJenkins] INFO  o.e.m.i.launch.MavenLaunchDelegate - Run build in "F:\svl svs\Phase 4 live classes\Jenkins Demo Prac\MavenJenkins":
2023-06-07 16:18:12,616 [Worker-9: Launching Executing clean in F__svl svs_Phase 4 live classes_Jenkins Demo Prac_MavenJenkins] INFO  o.e.m.i.launch.MavenLaunchDelegate -  mvn  -B -Dstyle.color=always clean
